<?xml version="1.0" encoding="UTF-8"?>
<testng-results ignored="0" total="1" passed="1" failed="0" skipped="0">
  <reporter-output>
  </reporter-output>
  <suite started-at="2019-09-17T13:18:45 BRT" name="senior.quimera.api.Teste" finished-at="2019-09-17T13:18:46 BRT" duration-ms="686">
    <groups>
    </groups>
    <test started-at="2019-09-17T13:18:45 BRT" name="Command line test" finished-at="2019-09-17T13:18:46 BRT" duration-ms="686">
      <class name="senior.quimera.api.Teste">
        <test-method signature="f()[pri:0, instance:senior.quimera.api.Teste@221a3fa4]" started-at="2019-09-17T13:18:45 BRT" name="f" finished-at="2019-09-17T13:18:45 BRT" duration-ms="306" status="PASS">
          <reporter-output>
          </reporter-output>
        </test-method> <!-- f -->
      </class> <!-- senior.quimera.api.Teste -->
    </test> <!-- Command line test -->
  </suite> <!-- senior.quimera.api.Teste -->
</testng-results>
